{"contracts/RealEstateEscrow.sol":{"l":{"38":12,"48":5,"49":5,"59":5,"60":5,"69":0,"70":0,"71":0,"72":0,"80":0,"81":0,"82":0,"83":0,"91":0,"92":0,"102":0,"103":0,"104":0,"105":0,"111":5,"112":5,"114":5,"121":6,"122":6,"123":5,"124":5,"126":5,"127":5,"129":5,"131":5,"133":5,"134":5,"138":5,"139":5,"140":0,"141":0,"142":0,"143":0,"145":0,"146":0,"157":2,"158":2,"160":1,"161":1,"163":1,"173":0,"175":0,"183":6,"187":0,"188":0,"192":0,"193":0,"197":0,"198":0},"path":"/home/fastfist/work/quantumNFT/ZyftySc/contracts/RealEstateEscrow.sol","s":{"1":12,"2":5,"3":5,"4":5,"5":5,"6":0,"7":0,"8":0,"9":0,"10":0,"11":0,"12":0,"13":0,"14":0,"15":0,"16":0,"17":0,"18":0,"19":0,"20":5,"21":5,"22":5,"23":6,"24":6,"25":5,"26":5,"27":5,"28":5,"29":5,"30":5,"31":5,"32":5,"33":5,"34":5,"35":0,"36":0,"37":0,"38":0,"39":0,"40":0,"41":2,"42":2,"43":1,"44":1,"45":1,"46":0,"47":0,"48":6,"49":0,"50":0,"51":0},"b":{"1":[0,0],"2":[0,0],"3":[6,0],"4":[5,1],"5":[5,0],"6":[0,5],"7":[0,0],"8":[1,1],"9":[0,0],"10":[0,0],"11":[0,0]},"f":{"1":12,"2":5,"3":0,"4":0,"5":0,"6":0,"7":5,"8":6,"9":5,"10":2,"11":0,"12":6,"13":0,"14":0,"15":0},"fnMap":{"1":{"name":"constructor","line":37,"loc":{"start":{"line":37,"column":4},"end":{"line":39,"column":4}}},"2":{"name":"newProperty","line":45,"loc":{"start":{"line":43,"column":4},"end":{"line":61,"column":4}}},"3":{"name":"proposeLean2Transfer","line":67,"loc":{"start":{"line":65,"column":4},"end":{"line":73,"column":4}}},"4":{"name":"acceptLean2Transfer","line":78,"loc":{"start":{"line":75,"column":4},"end":{"line":84,"column":4}}},"5":{"name":"denyLean2Transfer","line":89,"loc":{"start":{"line":86,"column":4},"end":{"line":93,"column":4}}},"6":{"name":"decreaseLean2","line":99,"loc":{"start":{"line":97,"column":4},"end":{"line":106,"column":4}}},"7":{"name":"listProperty","line":108,"loc":{"start":{"line":108,"column":4},"end":{"line":115,"column":4}}},"8":{"name":"buyProperty","line":117,"loc":{"start":{"line":117,"column":4},"end":{"line":135,"column":4}}},"9":{"name":"_zeroBalances","line":137,"loc":{"start":{"line":137,"column":4},"end":{"line":149,"column":4}}},"10":{"name":"changeLean","line":154,"loc":{"start":{"line":152,"column":4},"end":{"line":164,"column":4}}},"11":{"name":"changeReserve","line":170,"loc":{"start":{"line":168,"column":4},"end":{"line":176,"column":4}}},"12":{"name":"getProperty","line":178,"loc":{"start":{"line":178,"column":4},"end":{"line":184,"column":4}}},"13":{"name":"ownerOrHolder","line":186,"loc":{"start":{"line":186,"column":4},"end":{"line":189,"column":4}}},"14":{"name":"onlyHolder","line":191,"loc":{"start":{"line":191,"column":4},"end":{"line":194,"column":4}}},"15":{"name":"inState","line":196,"loc":{"start":{"line":196,"column":4},"end":{"line":199,"column":4}}}},"statementMap":{"1":{"start":{"line":38,"column":8},"end":{"line":38,"column":50}},"2":{"start":{"line":48,"column":8},"end":{"line":48,"column":59}},"3":{"start":{"line":49,"column":8},"end":{"line":49,"column":1525}},"4":{"start":{"line":59,"column":8},"end":{"line":59,"column":31}},"5":{"start":{"line":60,"column":8},"end":{"line":60,"column":17}},"6":{"start":{"line":69,"column":8},"end":{"line":69,"column":88}},"7":{"start":{"line":70,"column":8},"end":{"line":70,"column":62}},"8":{"start":{"line":71,"column":8},"end":{"line":71,"column":53}},"9":{"start":{"line":72,"column":8},"end":{"line":72,"column":69}},"10":{"start":{"line":80,"column":8},"end":{"line":80,"column":55}},"11":{"start":{"line":81,"column":8},"end":{"line":81,"column":56}},"12":{"start":{"line":82,"column":8},"end":{"line":82,"column":48}},"13":{"start":{"line":83,"column":8},"end":{"line":83,"column":69}},"14":{"start":{"line":91,"column":8},"end":{"line":91,"column":48}},"15":{"start":{"line":92,"column":8},"end":{"line":92,"column":67}},"16":{"start":{"line":102,"column":8},"end":{"line":102,"column":66}},"17":{"start":{"line":103,"column":8},"end":{"line":103,"column":35}},"18":{"start":{"line":104,"column":8},"end":{"line":104,"column":35}},"19":{"start":{"line":105,"column":8},"end":{"line":105,"column":33}},"20":{"start":{"line":111,"column":8},"end":{"line":111,"column":33}},"21":{"start":{"line":112,"column":8},"end":{"line":112,"column":33}},"22":{"start":{"line":114,"column":8},"end":{"line":114,"column":33}},"23":{"start":{"line":121,"column":8},"end":{"line":121,"column":66}},"24":{"start":{"line":122,"column":8},"end":{"line":122,"column":67}},"25":{"start":{"line":123,"column":8},"end":{"line":123,"column":24}},"26":{"start":{"line":124,"column":8},"end":{"line":124,"column":83}},"27":{"start":{"line":126,"column":8},"end":{"line":126,"column":34}},"28":{"start":{"line":127,"column":8},"end":{"line":127,"column":53}},"29":{"start":{"line":129,"column":8},"end":{"line":129,"column":44}},"30":{"start":{"line":131,"column":8},"end":{"line":131,"column":54}},"31":{"start":{"line":133,"column":8},"end":{"line":133,"column":47}},"32":{"start":{"line":134,"column":8},"end":{"line":134,"column":53}},"33":{"start":{"line":138,"column":8},"end":{"line":138,"column":44}},"34":{"start":{"line":139,"column":8},"end":{"line":139,"column":4622}},"35":{"start":{"line":140,"column":12},"end":{"line":140,"column":46}},"36":{"start":{"line":141,"column":12},"end":{"line":141,"column":4705}},"37":{"start":{"line":142,"column":16},"end":{"line":142,"column":32}},"38":{"start":{"line":143,"column":16},"end":{"line":143,"column":26}},"39":{"start":{"line":145,"column":16},"end":{"line":145,"column":28}},"40":{"start":{"line":146,"column":16},"end":{"line":146,"column":35}},"41":{"start":{"line":157,"column":8},"end":{"line":157,"column":39}},"42":{"start":{"line":158,"column":8},"end":{"line":158,"column":5153}},"43":{"start":{"line":160,"column":12},"end":{"line":160,"column":58}},"44":{"start":{"line":161,"column":12},"end":{"line":161,"column":32}},"45":{"start":{"line":163,"column":8},"end":{"line":163,"column":38}},"46":{"start":{"line":173,"column":8},"end":{"line":173,"column":41}},"47":{"start":{"line":175,"column":8},"end":{"line":175,"column":40}},"48":{"start":{"line":183,"column":12},"end":{"line":183,"column":31}},"49":{"start":{"line":187,"column":8},"end":{"line":187,"column":120}},"50":{"start":{"line":192,"column":8},"end":{"line":192,"column":87}},"51":{"start":{"line":197,"column":8},"end":{"line":197,"column":75}}},"branchMap":{"1":{"line":69,"type":"if","locations":[{"start":{"line":69,"column":8},"end":{"line":69,"column":8}},{"start":{"line":69,"column":8},"end":{"line":69,"column":8}}]},"2":{"line":102,"type":"if","locations":[{"start":{"line":102,"column":8},"end":{"line":102,"column":8}},{"start":{"line":102,"column":8},"end":{"line":102,"column":8}}]},"3":{"line":121,"type":"if","locations":[{"start":{"line":121,"column":8},"end":{"line":121,"column":8}},{"start":{"line":121,"column":8},"end":{"line":121,"column":8}}]},"4":{"line":122,"type":"if","locations":[{"start":{"line":122,"column":8},"end":{"line":122,"column":8}},{"start":{"line":122,"column":8},"end":{"line":122,"column":8}}]},"5":{"line":124,"type":"if","locations":[{"start":{"line":124,"column":8},"end":{"line":124,"column":8}},{"start":{"line":124,"column":8},"end":{"line":124,"column":8}}]},"6":{"line":139,"type":"if","locations":[{"start":{"line":139,"column":8},"end":{"line":139,"column":8}},{"start":{"line":139,"column":8},"end":{"line":139,"column":8}}]},"7":{"line":141,"type":"if","locations":[{"start":{"line":141,"column":12},"end":{"line":141,"column":12}},{"start":{"line":141,"column":12},"end":{"line":141,"column":12}}]},"8":{"line":158,"type":"if","locations":[{"start":{"line":158,"column":8},"end":{"line":158,"column":8}},{"start":{"line":158,"column":8},"end":{"line":158,"column":8}}]},"9":{"line":187,"type":"if","locations":[{"start":{"line":187,"column":8},"end":{"line":187,"column":8}},{"start":{"line":187,"column":8},"end":{"line":187,"column":8}}]},"10":{"line":192,"type":"if","locations":[{"start":{"line":192,"column":8},"end":{"line":192,"column":8}},{"start":{"line":192,"column":8},"end":{"line":192,"column":8}}]},"11":{"line":197,"type":"if","locations":[{"start":{"line":197,"column":8},"end":{"line":197,"column":8}},{"start":{"line":197,"column":8},"end":{"line":197,"column":8}}]}}},"contracts/RealestateNFT.sol":{"l":{"25":5,"27":5,"28":5,"29":5,"31":5,"35":0,"36":0,"43":5},"path":"/home/fastfist/work/quantumNFT/ZyftySc/contracts/RealestateNFT.sol","s":{"1":5,"2":5,"3":5,"4":5,"5":5,"6":0,"7":0,"8":5},"b":{},"f":{"1":12,"2":5,"3":0,"4":5},"fnMap":{"1":{"name":"constructor","line":15,"loc":{"start":{"line":14,"column":4},"end":{"line":16,"column":5}}},"2":{"name":"mint","line":21,"loc":{"start":{"line":19,"column":4},"end":{"line":32,"column":4}}},"3":{"name":"transfer","line":34,"loc":{"start":{"line":34,"column":4},"end":{"line":37,"column":4}}},"4":{"name":"_setTokenURI","line":39,"loc":{"start":{"line":39,"column":4},"end":{"line":44,"column":4}}}},"statementMap":{"1":{"start":{"line":25,"column":8},"end":{"line":25,"column":28}},"2":{"start":{"line":27,"column":8},"end":{"line":27,"column":47}},"3":{"start":{"line":28,"column":8},"end":{"line":28,"column":34}},"4":{"start":{"line":29,"column":8},"end":{"line":29,"column":45}},"5":{"start":{"line":31,"column":8},"end":{"line":31,"column":24}},"6":{"start":{"line":35,"column":8},"end":{"line":35,"column":41}},"7":{"start":{"line":36,"column":8},"end":{"line":36,"column":44}},"8":{"start":{"line":43,"column":6},"end":{"line":43,"column":36}}},"branchMap":{}}}