{"contracts/RealEstateEscrow.sol":{"l":{"11":12,"12":12,"13":12,"60":3,"61":3,"62":3,"63":3,"64":3,"65":3,"75":3,"76":3,"86":3,"94":2,"97":2,"99":2,"100":2,"101":2,"102":2,"109":2,"110":1,"111":1,"112":1,"119":2,"120":2,"121":1,"122":1,"123":1,"124":1,"125":1,"133":1,"134":1,"135":1,"136":1,"137":1,"138":1,"142":2,"143":2,"147":7,"148":5,"152":3,"153":3,"157":1},"path":"/home/fastfist/work/quantumNFT/ZyftySc/contracts/RealEstateEscrow.sol","s":{"1":12,"2":12,"3":12,"4":3,"5":3,"6":3,"7":3,"8":3,"9":3,"10":3,"11":3,"12":3,"13":2,"14":2,"15":2,"16":2,"17":2,"18":2,"19":2,"20":1,"21":1,"22":1,"23":2,"24":2,"25":1,"26":1,"27":1,"28":1,"29":1,"30":1,"31":1,"32":1,"33":1,"34":1,"35":1,"36":2,"37":7,"38":3,"39":1},"b":{"1":[3,0],"2":[2,0],"3":[1,1],"4":[2,0],"5":[1,1],"6":[2,0],"7":[5,2],"8":[3,0]},"f":{"1":12,"2":9,"3":3,"4":3,"5":2,"6":2,"7":2,"8":1,"9":2,"10":7,"11":3,"12":1},"fnMap":{"1":{"name":"constructor","line":10,"loc":{"start":{"line":10,"column":4},"end":{"line":14,"column":4}}},"2":{"name":"constructor","line":47,"loc":{"start":{"line":47,"column":4},"end":{"line":48,"column":4}}},"3":{"name":"listPropertyBuyer","line":50,"loc":{"start":{"line":50,"column":4},"end":{"line":77,"column":4}}},"4":{"name":"listProperty","line":79,"loc":{"start":{"line":79,"column":4},"end":{"line":87,"column":4}}},"5":{"name":"buyProperty","line":92,"loc":{"start":{"line":89,"column":4},"end":{"line":103,"column":4}}},"6":{"name":"revertSeller","line":107,"loc":{"start":{"line":105,"column":4},"end":{"line":113,"column":4}}},"7":{"name":"revertBuyer","line":117,"loc":{"start":{"line":115,"column":4},"end":{"line":126,"column":4}}},"8":{"name":"execute","line":131,"loc":{"start":{"line":128,"column":4},"end":{"line":139,"column":4}}},"9":{"name":"withinWindow","line":141,"loc":{"start":{"line":141,"column":4},"end":{"line":144,"column":4}}},"10":{"name":"afterWindow","line":146,"loc":{"start":{"line":146,"column":4},"end":{"line":149,"column":4}}},"11":{"name":"inState","line":151,"loc":{"start":{"line":151,"column":4},"end":{"line":154,"column":4}}},"12":{"name":"getProperty","line":156,"loc":{"start":{"line":156,"column":4},"end":{"line":158,"column":4}}}},"statementMap":{"1":{"start":{"line":11,"column":8},"end":{"line":11,"column":19}},"2":{"start":{"line":12,"column":8},"end":{"line":12,"column":19}},"3":{"start":{"line":13,"column":8},"end":{"line":13,"column":19}},"4":{"start":{"line":60,"column":8},"end":{"line":60,"column":73}},"5":{"start":{"line":61,"column":8},"end":{"line":61,"column":42}},"6":{"start":{"line":62,"column":8},"end":{"line":62,"column":59}},"7":{"start":{"line":63,"column":8},"end":{"line":63,"column":31}},"8":{"start":{"line":64,"column":8},"end":{"line":64,"column":42}},"9":{"start":{"line":65,"column":8},"end":{"line":65,"column":1862}},"10":{"start":{"line":75,"column":8},"end":{"line":75,"column":33}},"11":{"start":{"line":76,"column":8},"end":{"line":76,"column":17}},"12":{"start":{"line":86,"column":8},"end":{"line":86,"column":78}},"13":{"start":{"line":94,"column":8},"end":{"line":94,"column":2961}},"14":{"start":{"line":97,"column":8},"end":{"line":97,"column":56}},"15":{"start":{"line":99,"column":8},"end":{"line":99,"column":79}},"16":{"start":{"line":100,"column":8},"end":{"line":100,"column":53}},"17":{"start":{"line":101,"column":8},"end":{"line":101,"column":43}},"18":{"start":{"line":102,"column":8},"end":{"line":102,"column":45}},"19":{"start":{"line":109,"column":8},"end":{"line":109,"column":82}},"20":{"start":{"line":110,"column":8},"end":{"line":110,"column":62}},"21":{"start":{"line":111,"column":8},"end":{"line":111,"column":54}},"22":{"start":{"line":112,"column":8},"end":{"line":112,"column":55}},"23":{"start":{"line":119,"column":8},"end":{"line":119,"column":65}},"24":{"start":{"line":120,"column":8},"end":{"line":120,"column":81}},"25":{"start":{"line":121,"column":8},"end":{"line":121,"column":49}},"26":{"start":{"line":122,"column":8},"end":{"line":122,"column":56}},"27":{"start":{"line":123,"column":8},"end":{"line":123,"column":56}},"28":{"start":{"line":124,"column":8},"end":{"line":124,"column":55}},"29":{"start":{"line":125,"column":8},"end":{"line":125,"column":44}},"30":{"start":{"line":133,"column":8},"end":{"line":133,"column":50}},"31":{"start":{"line":134,"column":8},"end":{"line":134,"column":51}},"32":{"start":{"line":135,"column":8},"end":{"line":135,"column":62}},"33":{"start":{"line":136,"column":8},"end":{"line":136,"column":56}},"34":{"start":{"line":137,"column":8},"end":{"line":137,"column":74}},"35":{"start":{"line":138,"column":8},"end":{"line":138,"column":56}},"36":{"start":{"line":142,"column":8},"end":{"line":142,"column":109}},"37":{"start":{"line":147,"column":8},"end":{"line":147,"column":113}},"38":{"start":{"line":152,"column":8},"end":{"line":152,"column":50}},"39":{"start":{"line":157,"column":8},"end":{"line":157,"column":34}}},"branchMap":{"1":{"line":60,"type":"if","locations":[{"start":{"line":60,"column":8},"end":{"line":60,"column":8}},{"start":{"line":60,"column":8},"end":{"line":60,"column":8}}]},"2":{"line":94,"type":"if","locations":[{"start":{"line":94,"column":8},"end":{"line":94,"column":8}},{"start":{"line":94,"column":8},"end":{"line":94,"column":8}}]},"3":{"line":109,"type":"if","locations":[{"start":{"line":109,"column":8},"end":{"line":109,"column":8}},{"start":{"line":109,"column":8},"end":{"line":109,"column":8}}]},"4":{"line":119,"type":"if","locations":[{"start":{"line":119,"column":8},"end":{"line":119,"column":8}},{"start":{"line":119,"column":8},"end":{"line":119,"column":8}}]},"5":{"line":120,"type":"if","locations":[{"start":{"line":120,"column":8},"end":{"line":120,"column":8}},{"start":{"line":120,"column":8},"end":{"line":120,"column":8}}]},"6":{"line":142,"type":"if","locations":[{"start":{"line":142,"column":8},"end":{"line":142,"column":8}},{"start":{"line":142,"column":8},"end":{"line":142,"column":8}}]},"7":{"line":147,"type":"if","locations":[{"start":{"line":147,"column":8},"end":{"line":147,"column":8}},{"start":{"line":147,"column":8},"end":{"line":147,"column":8}}]},"8":{"line":152,"type":"if","locations":[{"start":{"line":152,"column":8},"end":{"line":152,"column":8}},{"start":{"line":152,"column":8},"end":{"line":152,"column":8}}]}}},"contracts/RealestateNFT.sol":{"l":{"51":4,"53":4,"54":4,"55":4,"57":4,"72":4,"79":4,"87":11,"88":3,"89":0,"96":1,"97":1,"98":1,"99":1,"101":0,"104":1,"114":3,"115":3,"116":3,"117":3,"118":1,"119":3,"120":3,"121":3,"125":3,"126":2,"133":2,"134":2,"135":1,"141":4,"142":3,"144":1,"146":0},"path":"/home/fastfist/work/quantumNFT/ZyftySc/contracts/RealestateNFT.sol","s":{"1":4,"2":4,"3":4,"4":4,"5":4,"6":4,"7":4,"8":11,"9":8,"10":3,"11":3,"12":0,"13":0,"14":1,"15":1,"16":1,"17":1,"18":0,"19":0,"20":1,"21":3,"22":3,"23":3,"24":3,"25":1,"26":3,"27":3,"28":3,"29":3,"30":2,"31":2,"32":1,"33":4,"34":3,"35":1,"36":1,"37":0,"38":0},"b":{"1":[8,3],"2":[3,0],"3":[0,0],"4":[1,0],"5":[0,0],"6":[3,0],"7":[1,2],"8":[3,0],"9":[2,1],"10":[1,1],"11":[3,1],"12":[1,0],"13":[0,0]},"f":{"1":12,"2":4,"3":4,"4":11,"5":1,"6":3,"7":3,"8":2,"9":4},"fnMap":{"1":{"name":"constructor","line":42,"loc":{"start":{"line":41,"column":4},"end":{"line":43,"column":5}}},"2":{"name":"mint","line":46,"loc":{"start":{"line":46,"column":4},"end":{"line":73,"column":4}}},"3":{"name":"_setTokenURI","line":75,"loc":{"start":{"line":75,"column":4},"end":{"line":80,"column":4}}},"4":{"name":"getLean","line":82,"loc":{"start":{"line":82,"column":4},"end":{"line":90,"column":4}}},"5":{"name":"addLean","line":94,"loc":{"start":{"line":92,"column":4},"end":{"line":105,"column":4}}},"6":{"name":"payLean","line":110,"loc":{"start":{"line":108,"column":4},"end":{"line":122,"column":4}}},"7":{"name":"onlyLeanProviderOf","line":124,"loc":{"start":{"line":124,"column":4},"end":{"line":127,"column":4}}},"8":{"name":"increaseLean","line":131,"loc":{"start":{"line":129,"column":4},"end":{"line":136,"column":4}}},"9":{"name":"setLean","line":138,"loc":{"start":{"line":138,"column":4},"end":{"line":147,"column":4}}}},"statementMap":{"1":{"start":{"line":51,"column":8},"end":{"line":51,"column":28}},"2":{"start":{"line":53,"column":8},"end":{"line":53,"column":47}},"3":{"start":{"line":54,"column":8},"end":{"line":54,"column":34}},"4":{"start":{"line":55,"column":8},"end":{"line":55,"column":45}},"5":{"start":{"line":57,"column":8},"end":{"line":57,"column":1543}},"6":{"start":{"line":72,"column":8},"end":{"line":72,"column":24}},"7":{"start":{"line":79,"column":6},"end":{"line":79,"column":36}},"8":{"start":{"line":87,"column":8},"end":{"line":87,"column":61}},"9":{"start":{"line":87,"column":25},"end":{"line":87,"column":61}},"10":{"start":{"line":88,"column":8},"end":{"line":88,"column":55}},"11":{"start":{"line":88,"column":25},"end":{"line":88,"column":55}},"12":{"start":{"line":89,"column":8},"end":{"line":89,"column":55}},"13":{"start":{"line":89,"column":25},"end":{"line":89,"column":55}},"14":{"start":{"line":96,"column":8},"end":{"line":96,"column":46}},"15":{"start":{"line":97,"column":8},"end":{"line":97,"column":67}},"16":{"start":{"line":98,"column":8},"end":{"line":98,"column":2789}},"17":{"start":{"line":99,"column":12},"end":{"line":99,"column":133}},"18":{"start":{"line":100,"column":15},"end":{"line":100,"column":2959}},"19":{"start":{"line":101,"column":12},"end":{"line":101,"column":133}},"20":{"start":{"line":104,"column":8},"end":{"line":104,"column":21}},"21":{"start":{"line":114,"column":8},"end":{"line":114,"column":48}},"22":{"start":{"line":115,"column":8},"end":{"line":115,"column":64}},"23":{"start":{"line":116,"column":8},"end":{"line":116,"column":42}},"24":{"start":{"line":117,"column":8},"end":{"line":117,"column":3599}},"25":{"start":{"line":118,"column":12},"end":{"line":118,"column":27}},"26":{"start":{"line":119,"column":8},"end":{"line":119,"column":90}},"27":{"start":{"line":120,"column":8},"end":{"line":120,"column":61}},"28":{"start":{"line":121,"column":8},"end":{"line":121,"column":49}},"29":{"start":{"line":125,"column":8},"end":{"line":125,"column":100}},"30":{"start":{"line":133,"column":8},"end":{"line":133,"column":48}},"31":{"start":{"line":134,"column":8},"end":{"line":134,"column":57}},"32":{"start":{"line":135,"column":8},"end":{"line":135,"column":49}},"33":{"start":{"line":141,"column":8},"end":{"line":141,"column":4488}},"34":{"start":{"line":142,"column":12},"end":{"line":142,"column":54}},"35":{"start":{"line":143,"column":13},"end":{"line":143,"column":4575}},"36":{"start":{"line":144,"column":12},"end":{"line":144,"column":48}},"37":{"start":{"line":145,"column":13},"end":{"line":145,"column":4656}},"38":{"start":{"line":146,"column":12},"end":{"line":146,"column":48}}},"branchMap":{"1":{"line":87,"type":"if","locations":[{"start":{"line":87,"column":8},"end":{"line":87,"column":8}},{"start":{"line":87,"column":8},"end":{"line":87,"column":8}}]},"2":{"line":88,"type":"if","locations":[{"start":{"line":88,"column":8},"end":{"line":88,"column":8}},{"start":{"line":88,"column":8},"end":{"line":88,"column":8}}]},"3":{"line":89,"type":"if","locations":[{"start":{"line":89,"column":8},"end":{"line":89,"column":8}},{"start":{"line":89,"column":8},"end":{"line":89,"column":8}}]},"4":{"line":98,"type":"if","locations":[{"start":{"line":98,"column":8},"end":{"line":98,"column":8}},{"start":{"line":98,"column":8},"end":{"line":98,"column":8}}]},"5":{"line":100,"type":"if","locations":[{"start":{"line":100,"column":15},"end":{"line":100,"column":15}},{"start":{"line":100,"column":15},"end":{"line":100,"column":15}}]},"6":{"line":115,"type":"if","locations":[{"start":{"line":115,"column":8},"end":{"line":115,"column":8}},{"start":{"line":115,"column":8},"end":{"line":115,"column":8}}]},"7":{"line":117,"type":"if","locations":[{"start":{"line":117,"column":8},"end":{"line":117,"column":8}},{"start":{"line":117,"column":8},"end":{"line":117,"column":8}}]},"8":{"line":119,"type":"if","locations":[{"start":{"line":119,"column":8},"end":{"line":119,"column":8}},{"start":{"line":119,"column":8},"end":{"line":119,"column":8}}]},"9":{"line":125,"type":"if","locations":[{"start":{"line":125,"column":8},"end":{"line":125,"column":8}},{"start":{"line":125,"column":8},"end":{"line":125,"column":8}}]},"10":{"line":134,"type":"if","locations":[{"start":{"line":134,"column":8},"end":{"line":134,"column":8}},{"start":{"line":134,"column":8},"end":{"line":134,"column":8}}]},"11":{"line":141,"type":"if","locations":[{"start":{"line":141,"column":8},"end":{"line":141,"column":8}},{"start":{"line":141,"column":8},"end":{"line":141,"column":8}}]},"12":{"line":143,"type":"if","locations":[{"start":{"line":143,"column":13},"end":{"line":143,"column":13}},{"start":{"line":143,"column":13},"end":{"line":143,"column":13}}]},"13":{"line":145,"type":"if","locations":[{"start":{"line":145,"column":13},"end":{"line":145,"column":13}},{"start":{"line":145,"column":13},"end":{"line":145,"column":13}}]}}}}